E0C88 assembler v1.2 r3                 SN00000000-061 (c) 2000 TASKING, Inc.
                                                                                                                            Page   1
C:\M851\app\MasterMi\build\param.asm
ADDR   CODE      LINE SOURCELINE
                   2 
                   3 ; ********************************************************************
                   4 ; *
                   5 ; * M851 WRISTAPP BUILDER
                   6 ; * Timex Corporation 2002 All Rights Reserved
                   7 ; * July 2002
                   8 ; *
                   9 ; * WristApp: MasterMind v: 1.0 (final)
                  10 ; *
                  11 ; ********************************************************************
                  12 
                  13 
                  88 
                  90 
                  93 
                  94      ;;;;;;;;;;;;;;;;;;;;;;;;;;;;;;;;;;;;;;;;;;;;;;;;;;;;;;;;;;;
                  95      ;
                  96      ; ADD WRISTAPP PARAMETER FILE
                  97      ;
                  98      ;;;;;;;;;;;;;;;;;;;;;;;;;;;;;;;;;;;;;;;;;;;;;;;;;;;;;;;;;;;
                  99 
                 100     INCLUDE 'C:\M851\App\MasterMi\src\mmpor.asm'
                   1 ;;;;;;;;;;;;;;;;;;;;;;;;;;;;;;;;;;;;;;;;;;;;;;;;;;;;;;;;;;;;;;;;;;;;;;;;;;;;;;
                   2 ;
                   3 ; File Name    : mmpor.asm
                   4 ; Purpose      : MasterMind parameter file
                   5 ;
                   6 ;;;;;;;;;;;;;;;;;;;;;;;;;;;;;;;;;;;;;;;;;;;;;;;;;;;;;;;;;;;;;;;;;;;;;;;;;;;;;;;
                   7 
                   9 
00F35F            10 mmwaPORInitializationParameters:
                  11 
                  12                 ;============================================================
                  13                 ; ACB offset mask.
                  14                 ;============================================================
                  15 
                  16                 ; Application System Data is located in heap.
                  17                 ; Other ACB entries are located either in ROM or EEPROM.
                  18 
00F35F 01         19                 db      bCOREAppSystemDataOffset
                  20 
                  21 
                  22                 ;============================================================
                  23                 ; Number of resources required.
                  24                 ;============================================================
                  25 
00F360 00         26                 db      00h                         ; TOD
00F361 00         27                 db      00h                         ; Backup
00F362 00         28                 db      00h                         ; Time Zone Check
00F363 00         29                 db      00h                         ; Timer Resource
00F364 00         30                 db      00h                         ; Stopwatch Resource
00F365 00         31                 db      00h                         ; Synchro Timer Resource
                  32 
                  33                 ;============================================================
                  34                 ; Flag(s) ownership.
                  35                 ;============================================================
                  36 
00F366 00         37                 db      0                           ; LCD Flags 1
00F367 00         38                 db      0                           ; LCD Flags 2
                  39 
                  40                 ;============================================================
                  41                 ; Heap size requirements.
E0C88 assembler v1.2 r3                 SN00000000-061 (c) 2000 TASKING, Inc.
                                                                                                                            Page   2

ADDR   CODE      LINE SOURCELINE
                  42                 ;============================================================
                  43 
00F368 0000       44                 dw      0000H                       ; Code
00F36A 3E00       45                 dw      MMSYSTEMDATASIZE            ; ASD
00F36C 0000       46                 dw      0000H                       ; ADD
                  47                 ;============================================================
                  48                 ; Application Configuration Data Byte.
                  49                 ;============================================================
                  50 
00F36E 06         51                 db      COREACDEEPROMAPP            ; Code is external.
                  52 
                  53                 ;============================================================
                  54                 ; Application Unique ID.
                  55                 ;============================================================
                  56 
00F36F DF         57                 db      COREAPPTYPEGENERIC          ; Application type
00F370 00         58                 db      00h                         ; Application instance number
                  59 
                  60                 ;============================================================
                  61                 ; ACB Parameters.
                  62                 ;============================================================
                  63 
00F371 0000       64                 dw      0000H                       ; ASD address offset.
00F373 0000       65                 dw      0000H                       ; ADD address offset.
00F375 5FF3       66                 dw      CODESTATEADDRESS            ; App state manager address (Absolute Address).
00F377 1AF3       67                 dw      CODECOMMONADDRESS           ; App background handler address (Absolute Address).
                    
00F379 3AF3       68                 dw      mmBannerMsg                 ; App mode name function address (Absolute Address).
                    
                 101 
                 102      ;;;;;;;;;;;;;;;;;;;;;;;;;;;;;;;;;;;;;;;;;;;;;;;;;;;;;;;;;;;
                 103      ;;;;;;;;;;;;;;;;;;;;;;;;;;;;;;;;;;;;;;;;;;;;;;;;;;;;;;;;;;;
                 104 
                 105 ;**END FILE PARAM.ASM

Section summary:

 NR ADDR   SIZE CYCLE NAME
  1 00F35F 001c     0 .text
